Copyright 1986-2018 Xilinx, Inc. All Rights Reserved.
-------------------------------------------------------------------------------------------------------------------
| Tool Version : Vivado v.2018.2.1 (win64) Build 2288692 Thu Jul 26 18:24:02 MDT 2018
| Date         : Fri Aug 24 13:28:34 2018
| Host         : WIN-MJ2I8SI0RJV running 64-bit major release  (build 9200)
| Command      : report_utilization -file base_wrapper_utilization_synth.rpt -pb base_wrapper_utilization_synth.pb
| Design       : base_wrapper
| Device       : 7z020clg400-3
| Design State : Synthesized
-------------------------------------------------------------------------------------------------------------------

Utilization Design Information

Table of Contents
-----------------
1. Slice Logic
1.1 Summary of Registers by Type
2. Memory
3. DSP
4. IO and GT Specific
5. Clocking
6. Specific Feature
7. Primitives
8. Black Boxes
9. Instantiated Netlists

1. Slice Logic
--------------

+----------------------------+-------+-------+-----------+-------+
|          Site Type         |  Used | Fixed | Available | Util% |
+----------------------------+-------+-------+-----------+-------+
| Slice LUTs*                | 15335 |     0 |     53200 | 28.83 |
|   LUT as Logic             | 13694 |     0 |     53200 | 25.74 |
|   LUT as Memory            |  1641 |     0 |     17400 |  9.43 |
|     LUT as Distributed RAM |   690 |     0 |           |       |
|     LUT as Shift Register  |   951 |     0 |           |       |
| Slice Registers            | 23714 |     0 |    106400 | 22.29 |
|   Register as Flip Flop    | 23714 |     0 |    106400 | 22.29 |
|   Register as Latch        |     0 |     0 |    106400 |  0.00 |
| F7 Muxes                   |   606 |     0 |     26600 |  2.28 |
| F8 Muxes                   |   112 |     0 |     13300 |  0.84 |
+----------------------------+-------+-------+-----------+-------+
* Warning! The Final LUT count, after physical optimizations and full implementation, is typically lower. Run opt_design after synthesis, if not already completed, for a more realistic count.


1.1 Summary of Registers by Type
--------------------------------

+-------+--------------+-------------+--------------+
| Total | Clock Enable | Synchronous | Asynchronous |
+-------+--------------+-------------+--------------+
| 0     |            _ |           - |            - |
| 0     |            _ |           - |          Set |
| 0     |            _ |           - |        Reset |
| 0     |            _ |         Set |            - |
| 0     |            _ |       Reset |            - |
| 0     |          Yes |           - |            - |
| 66    |          Yes |           - |          Set |
| 0     |          Yes |           - |        Reset |
| 988   |          Yes |         Set |            - |
| 22660 |          Yes |       Reset |            - |
+-------+--------------+-------------+--------------+


2. Memory
---------

+-------------------+------+-------+-----------+-------+
|     Site Type     | Used | Fixed | Available | Util% |
+-------------------+------+-------+-----------+-------+
| Block RAM Tile    | 25.5 |     0 |       140 | 18.21 |
|   RAMB36/FIFO*    |   23 |     0 |       140 | 16.43 |
|     RAMB36E1 only |   23 |       |           |       |
|   RAMB18          |    5 |     0 |       280 |  1.79 |
|     RAMB18E1 only |    5 |       |           |       |
+-------------------+------+-------+-----------+-------+
* Note: Each Block RAM Tile only has one FIFO logic available and therefore can accommodate only one FIFO36E1 or one FIFO18E1. However, if a FIFO18E1 occupies a Block RAM Tile, that tile can still accommodate a RAMB18E1


3. DSP
------

+----------------+------+-------+-----------+-------+
|    Site Type   | Used | Fixed | Available | Util% |
+----------------+------+-------+-----------+-------+
| DSPs           |   11 |     0 |       220 |  5.00 |
|   DSP48E1 only |   11 |       |           |       |
+----------------+------+-------+-----------+-------+


4. IO and GT Specific
---------------------

+-----------------------------+------+-------+-----------+--------+
|          Site Type          | Used | Fixed | Available |  Util% |
+-----------------------------+------+-------+-----------+--------+
| Bonded IOB                  |  101 |     0 |       125 |  80.80 |
| Bonded IPADs                |    0 |     0 |         2 |   0.00 |
| Bonded IOPADs               |  130 |     0 |       130 | 100.00 |
| PHY_CONTROL                 |    0 |     0 |         4 |   0.00 |
| PHASER_REF                  |    0 |     0 |         4 |   0.00 |
| OUT_FIFO                    |    0 |     0 |        16 |   0.00 |
| IN_FIFO                     |    0 |     0 |        16 |   0.00 |
| IDELAYCTRL                  |    1 |     0 |         4 |  25.00 |
| IBUFDS                      |    0 |     0 |       121 |   0.00 |
| PHASER_OUT/PHASER_OUT_PHY   |    0 |     0 |        16 |   0.00 |
| PHASER_IN/PHASER_IN_PHY     |    0 |     0 |        16 |   0.00 |
| IDELAYE2/IDELAYE2_FINEDELAY |   10 |     0 |       200 |   5.00 |
|   IDELAYE2 only             |   10 |     0 |           |        |
| ILOGIC                      |   10 |     0 |       125 |   8.00 |
|   IDDR                      |   10 |       |           |        |
| OLOGIC                      |   12 |     0 |       125 |   9.60 |
|   ODDR                      |   12 |       |           |        |
+-----------------------------+------+-------+-----------+--------+


5. Clocking
-----------

+--------------+------+-------+-----------+-------+
|   Site Type  | Used | Fixed | Available | Util% |
+--------------+------+-------+-----------+-------+
| BUFGCTRL     |   13 |     0 |        32 | 40.63 |
| BUFIO        |    2 |     0 |        16 | 12.50 |
|   BUFIO only |    2 |     0 |           |       |
| MMCME2_ADV   |    1 |     0 |         4 | 25.00 |
| PLLE2_ADV    |    0 |     0 |         4 |  0.00 |
| BUFMRCE      |    0 |     0 |         8 |  0.00 |
| BUFHCE       |    0 |     0 |        72 |  0.00 |
| BUFR         |    0 |     0 |        16 |  0.00 |
+--------------+------+-------+-----------+-------+


6. Specific Feature
-------------------

+-------------+------+-------+-----------+-------+
|  Site Type  | Used | Fixed | Available | Util% |
+-------------+------+-------+-----------+-------+
| BSCANE2     |    0 |     0 |         4 |  0.00 |
| CAPTUREE2   |    0 |     0 |         1 |  0.00 |
| DNA_PORT    |    0 |     0 |         1 |  0.00 |
| EFUSE_USR   |    0 |     0 |         1 |  0.00 |
| FRAME_ECCE2 |    0 |     0 |         1 |  0.00 |
| ICAPE2      |    0 |     0 |         2 |  0.00 |
| STARTUPE2   |    0 |     0 |         1 |  0.00 |
| XADC        |    0 |     0 |         1 |  0.00 |
+-------------+------+-------+-----------+-------+


7. Primitives
-------------

+------------+-------+----------------------+
|  Ref Name  |  Used |  Functional Category |
+------------+-------+----------------------+
| FDRE       | 22660 |         Flop & Latch |
| LUT6       |  5223 |                  LUT |
| LUT3       |  3785 |                  LUT |
| LUT4       |  2522 |                  LUT |
| LUT5       |  2361 |                  LUT |
| LUT2       |  1502 |                  LUT |
| RAMD32     |  1028 |   Distributed Memory |
| LUT1       |   990 |                  LUT |
| FDSE       |   988 |         Flop & Latch |
| SRL16E     |   740 |   Distributed Memory |
| CARRY4     |   678 |           CarryLogic |
| MUXF7      |   606 |                MuxFx |
| SRLC32E    |   459 |   Distributed Memory |
| RAMS32     |   338 |   Distributed Memory |
| BIBUF      |   130 |                   IO |
| MUXF8      |   112 |                MuxFx |
| FDPE       |    66 |         Flop & Latch |
| IBUF       |    52 |                   IO |
| OBUF       |    49 |                   IO |
| RAMB36E1   |    23 |         Block Memory |
| BUFG       |    13 |                Clock |
| ODDR       |    12 |                   IO |
| DSP48E1    |    11 |     Block Arithmetic |
| IDELAYE2   |    10 |                   IO |
| IDDR       |    10 |                   IO |
| SRLC16E    |     8 |   Distributed Memory |
| RAMB18E1   |     5 |         Block Memory |
| OBUFT      |     2 |                   IO |
| BUFIO      |     2 |                Clock |
| PS7        |     1 | Specialized Resource |
| MMCME2_ADV |     1 |                Clock |
| IDELAYCTRL |     1 |                   IO |
+------------+-------+----------------------+


8. Black Boxes
--------------

+------------+------+
|  Ref Name  | Used |
+------------+------+
| dbg_hub_CV |    1 |
+------------+------+


9. Instantiated Netlists
------------------------

+----------+------+
| Ref Name | Used |
+----------+------+


