
*** Running vivado
    with args -log base_gmii_to_rgmii_1_0.vds -m64 -product Vivado -mode batch -messageDb vivado.pb -notrace -source base_gmii_to_rgmii_1_0.tcl


****** Vivado v2018.2.1 (64-bit)
  **** SW Build 2288692 on Thu Jul 26 18:24:02 MDT 2018
  **** IP Build 2289599 on Thu Jul 26 21:09:20 MDT 2018
    ** Copyright 1986-2018 Xilinx, Inc. All Rights Reserved.

Sourcing tcl script 'C:/Users/Russell Bush/AppData/Roaming/Xilinx/Vivado/Vivado_init.tcl'
source base_gmii_to_rgmii_1_0.tcl -notrace
Command: synth_design -top base_gmii_to_rgmii_1_0 -part xc7z020clg400-3 -mode out_of_context
Starting synth_design
Attempting to get a license for feature 'Synthesis' and/or device 'xc7z020'
INFO: [Common 17-349] Got license for feature 'Synthesis' and/or device 'xc7z020'
INFO: Launching helper process for spawning children vivado processes
INFO: Helper process launched with PID 6716 
---------------------------------------------------------------------------------
Starting RTL Elaboration : Time (s): cpu = 00:00:05 ; elapsed = 00:00:07 . Memory (MB): peak = 378.063 ; gain = 99.801
---------------------------------------------------------------------------------
INFO: [Synth 8-638] synthesizing module 'base_gmii_to_rgmii_1_0' [z:/Projects/piSmasher/piSmasher-testing/hdmi-1080p/hdmi-1080p.srcs/sources_1/bd/base/ip/base_gmii_to_rgmii_1_0/synth/base_gmii_to_rgmii_1_0.vhd:127]
INFO: [Synth 8-3491] module 'base_gmii_to_rgmii_1_0_block' declared at 'z:/Projects/piSmasher/piSmasher-testing/hdmi-1080p/hdmi-1080p.srcs/sources_1/bd/base/ip/base_gmii_to_rgmii_1_0/synth/base_gmii_to_rgmii_1_0_block.vhd:87' bound to instance 'U0' of component 'base_gmii_to_rgmii_1_0_block' [z:/Projects/piSmasher/piSmasher-testing/hdmi-1080p/hdmi-1080p.srcs/sources_1/bd/base/ip/base_gmii_to_rgmii_1_0/synth/base_gmii_to_rgmii_1_0.vhd:190]
INFO: [Synth 8-638] synthesizing module 'base_gmii_to_rgmii_1_0_block' [z:/Projects/piSmasher/piSmasher-testing/hdmi-1080p/hdmi-1080p.srcs/sources_1/bd/base/ip/base_gmii_to_rgmii_1_0/synth/base_gmii_to_rgmii_1_0_block.vhd:136]
	Parameter CLK_SEL_TYPE bound to: SYNC - type: string 
INFO: [Synth 8-113] binding component instance 'i_bufgmux_gmii_clk_25m_2_5m' to cell 'BUFGMUX' [z:/Projects/piSmasher/piSmasher-testing/hdmi-1080p/hdmi-1080p.srcs/sources_1/bd/base/ip/base_gmii_to_rgmii_1_0/synth/base_gmii_to_rgmii_1_0_block.vhd:207]
	Parameter CLK_SEL_TYPE bound to: SYNC - type: string 
INFO: [Synth 8-113] binding component instance 'i_bufgmux_gmii_clk' to cell 'BUFGMUX' [z:/Projects/piSmasher/piSmasher-testing/hdmi-1080p/hdmi-1080p.srcs/sources_1/bd/base/ip/base_gmii_to_rgmii_1_0/synth/base_gmii_to_rgmii_1_0_block.vhd:215]
	Parameter CAPACITANCE bound to: DONT_CARE - type: string 
	Parameter DRIVE bound to: 12 - type: integer 
	Parameter IOSTANDARD bound to: DEFAULT - type: string 
	Parameter SLEW bound to: SLOW - type: string 
INFO: [Synth 8-113] binding component instance 'rgmii_txc_obuf_i' to cell 'OBUF' [z:/Projects/piSmasher/piSmasher-testing/hdmi-1080p/hdmi-1080p.srcs/sources_1/bd/base/ip/base_gmii_to_rgmii_1_0/synth/base_gmii_to_rgmii_1_0_block.vhd:225]
	Parameter CAPACITANCE bound to: DONT_CARE - type: string 
	Parameter DRIVE bound to: 12 - type: integer 
	Parameter IOSTANDARD bound to: DEFAULT - type: string 
	Parameter SLEW bound to: SLOW - type: string 
INFO: [Synth 8-113] binding component instance 'rgmii_tx_ctl_obuf_i' to cell 'OBUF' [z:/Projects/piSmasher/piSmasher-testing/hdmi-1080p/hdmi-1080p.srcs/sources_1/bd/base/ip/base_gmii_to_rgmii_1_0/synth/base_gmii_to_rgmii_1_0_block.vhd:231]
	Parameter CAPACITANCE bound to: DONT_CARE - type: string 
	Parameter DRIVE bound to: 12 - type: integer 
	Parameter IOSTANDARD bound to: DEFAULT - type: string 
	Parameter SLEW bound to: SLOW - type: string 
INFO: [Synth 8-113] binding component instance 'rgmii_txd_obuf_i' to cell 'OBUF' [z:/Projects/piSmasher/piSmasher-testing/hdmi-1080p/hdmi-1080p.srcs/sources_1/bd/base/ip/base_gmii_to_rgmii_1_0/synth/base_gmii_to_rgmii_1_0_block.vhd:238]
	Parameter CAPACITANCE bound to: DONT_CARE - type: string 
	Parameter DRIVE bound to: 12 - type: integer 
	Parameter IOSTANDARD bound to: DEFAULT - type: string 
	Parameter SLEW bound to: SLOW - type: string 
INFO: [Synth 8-113] binding component instance 'rgmii_txd_obuf_i' to cell 'OBUF' [z:/Projects/piSmasher/piSmasher-testing/hdmi-1080p/hdmi-1080p.srcs/sources_1/bd/base/ip/base_gmii_to_rgmii_1_0/synth/base_gmii_to_rgmii_1_0_block.vhd:238]
	Parameter CAPACITANCE bound to: DONT_CARE - type: string 
	Parameter DRIVE bound to: 12 - type: integer 
	Parameter IOSTANDARD bound to: DEFAULT - type: string 
	Parameter SLEW bound to: SLOW - type: string 
INFO: [Synth 8-113] binding component instance 'rgmii_txd_obuf_i' to cell 'OBUF' [z:/Projects/piSmasher/piSmasher-testing/hdmi-1080p/hdmi-1080p.srcs/sources_1/bd/base/ip/base_gmii_to_rgmii_1_0/synth/base_gmii_to_rgmii_1_0_block.vhd:238]
	Parameter CAPACITANCE bound to: DONT_CARE - type: string 
	Parameter DRIVE bound to: 12 - type: integer 
	Parameter IOSTANDARD bound to: DEFAULT - type: string 
	Parameter SLEW bound to: SLOW - type: string 
INFO: [Synth 8-113] binding component instance 'rgmii_txd_obuf_i' to cell 'OBUF' [z:/Projects/piSmasher/piSmasher-testing/hdmi-1080p/hdmi-1080p.srcs/sources_1/bd/base/ip/base_gmii_to_rgmii_1_0/synth/base_gmii_to_rgmii_1_0_block.vhd:238]
	Parameter CAPACITANCE bound to: DONT_CARE - type: string 
	Parameter IBUF_DELAY_VALUE bound to: 0 - type: string 
	Parameter IBUF_LOW_PWR bound to: 1 - type: bool 
	Parameter IFD_DELAY_VALUE bound to: AUTO - type: string 
	Parameter IOSTANDARD bound to: DEFAULT - type: string 
INFO: [Synth 8-113] binding component instance 'rgmii_rxc_ibuf_i' to cell 'IBUF' [z:/Projects/piSmasher/piSmasher-testing/hdmi-1080p/hdmi-1080p.srcs/sources_1/bd/base/ip/base_gmii_to_rgmii_1_0/synth/base_gmii_to_rgmii_1_0_block.vhd:245]
	Parameter CAPACITANCE bound to: DONT_CARE - type: string 
	Parameter IBUF_DELAY_VALUE bound to: 0 - type: string 
	Parameter IBUF_LOW_PWR bound to: 1 - type: bool 
	Parameter IFD_DELAY_VALUE bound to: AUTO - type: string 
	Parameter IOSTANDARD bound to: DEFAULT - type: string 
INFO: [Synth 8-113] binding component instance 'rgmii_rx_ctl_ibuf_i' to cell 'IBUF' [z:/Projects/piSmasher/piSmasher-testing/hdmi-1080p/hdmi-1080p.srcs/sources_1/bd/base/ip/base_gmii_to_rgmii_1_0/synth/base_gmii_to_rgmii_1_0_block.vhd:251]
	Parameter CAPACITANCE bound to: DONT_CARE - type: string 
	Parameter IBUF_DELAY_VALUE bound to: 0 - type: string 
	Parameter IBUF_LOW_PWR bound to: 1 - type: bool 
	Parameter IFD_DELAY_VALUE bound to: AUTO - type: string 
	Parameter IOSTANDARD bound to: DEFAULT - type: string 
INFO: [Synth 8-113] binding component instance 'rgmii_rxd_ibuf_i' to cell 'IBUF' [z:/Projects/piSmasher/piSmasher-testing/hdmi-1080p/hdmi-1080p.srcs/sources_1/bd/base/ip/base_gmii_to_rgmii_1_0/synth/base_gmii_to_rgmii_1_0_block.vhd:258]
	Parameter CAPACITANCE bound to: DONT_CARE - type: string 
	Parameter IBUF_DELAY_VALUE bound to: 0 - type: string 
	Parameter IBUF_LOW_PWR bound to: 1 - type: bool 
	Parameter IFD_DELAY_VALUE bound to: AUTO - type: string 
	Parameter IOSTANDARD bound to: DEFAULT - type: string 
INFO: [Synth 8-113] binding component instance 'rgmii_rxd_ibuf_i' to cell 'IBUF' [z:/Projects/piSmasher/piSmasher-testing/hdmi-1080p/hdmi-1080p.srcs/sources_1/bd/base/ip/base_gmii_to_rgmii_1_0/synth/base_gmii_to_rgmii_1_0_block.vhd:258]
	Parameter CAPACITANCE bound to: DONT_CARE - type: string 
	Parameter IBUF_DELAY_VALUE bound to: 0 - type: string 
	Parameter IBUF_LOW_PWR bound to: 1 - type: bool 
	Parameter IFD_DELAY_VALUE bound to: AUTO - type: string 
	Parameter IOSTANDARD bound to: DEFAULT - type: string 
INFO: [Synth 8-113] binding component instance 'rgmii_rxd_ibuf_i' to cell 'IBUF' [z:/Projects/piSmasher/piSmasher-testing/hdmi-1080p/hdmi-1080p.srcs/sources_1/bd/base/ip/base_gmii_to_rgmii_1_0/synth/base_gmii_to_rgmii_1_0_block.vhd:258]
	Parameter CAPACITANCE bound to: DONT_CARE - type: string 
	Parameter IBUF_DELAY_VALUE bound to: 0 - type: string 
	Parameter IBUF_LOW_PWR bound to: 1 - type: bool 
	Parameter IFD_DELAY_VALUE bound to: AUTO - type: string 
	Parameter IOSTANDARD bound to: DEFAULT - type: string 
INFO: [Synth 8-113] binding component instance 'rgmii_rxd_ibuf_i' to cell 'IBUF' [z:/Projects/piSmasher/piSmasher-testing/hdmi-1080p/hdmi-1080p.srcs/sources_1/bd/base/ip/base_gmii_to_rgmii_1_0/synth/base_gmii_to_rgmii_1_0_block.vhd:258]
	Parameter C_RGMII_TXC_SKEW_EN bound to: 0 - type: integer 
	Parameter C_RGMII_TXC_ODELAY_VAL bound to: 0 - type: integer 
	Parameter C_DEVICE_TYPE bound to: 0 - type: integer 
	Parameter C_PHYADDR bound to: 5'b01001 
INFO: [Synth 8-3491] module 'gmii_to_rgmii_v4_0_6' declared at 'z:/Projects/piSmasher/piSmasher-testing/hdmi-1080p/hdmi-1080p.srcs/sources_1/bd/base/ipshared/8c24/hdl/gmii_to_rgmii_v4_0_vhsyn_rfs.vhd:2452' bound to instance 'base_gmii_to_rgmii_1_0_core' of component 'gmii_to_rgmii_v4_0_6' [z:/Projects/piSmasher/piSmasher-testing/hdmi-1080p/hdmi-1080p.srcs/sources_1/bd/base/ip/base_gmii_to_rgmii_1_0/synth/base_gmii_to_rgmii_1_0_block.vhd:266]
INFO: [Synth 8-256] done synthesizing module 'base_gmii_to_rgmii_1_0_block' (8#1) [z:/Projects/piSmasher/piSmasher-testing/hdmi-1080p/hdmi-1080p.srcs/sources_1/bd/base/ip/base_gmii_to_rgmii_1_0/synth/base_gmii_to_rgmii_1_0_block.vhd:136]
INFO: [Synth 8-256] done synthesizing module 'base_gmii_to_rgmii_1_0' (9#1) [z:/Projects/piSmasher/piSmasher-testing/hdmi-1080p/hdmi-1080p.srcs/sources_1/bd/base/ip/base_gmii_to_rgmii_1_0/synth/base_gmii_to_rgmii_1_0.vhd:127]
WARNING: [Synth 8-3331] design reset_sync has unconnected port enable
WARNING: [Synth 8-3331] design gmii_to_rgmii_core has unconnected port speed_selection[0]
---------------------------------------------------------------------------------
Finished RTL Elaboration : Time (s): cpu = 00:00:07 ; elapsed = 00:00:09 . Memory (MB): peak = 434.043 ; gain = 155.781
---------------------------------------------------------------------------------

Report Check Netlist: 
+------+------------------+-------+---------+-------+------------------+
|      |Item              |Errors |Warnings |Status |Description       |
+------+------------------+-------+---------+-------+------------------+
|1     |multi_driven_nets |      0|        0|Passed |Multi driven nets |
+------+------------------+-------+---------+-------+------------------+
---------------------------------------------------------------------------------
Start Handling Custom Attributes
---------------------------------------------------------------------------------
---------------------------------------------------------------------------------
Finished Handling Custom Attributes : Time (s): cpu = 00:00:07 ; elapsed = 00:00:10 . Memory (MB): peak = 434.043 ; gain = 155.781
---------------------------------------------------------------------------------
---------------------------------------------------------------------------------
Finished RTL Optimization Phase 1 : Time (s): cpu = 00:00:07 ; elapsed = 00:00:10 . Memory (MB): peak = 434.043 ; gain = 155.781
---------------------------------------------------------------------------------
INFO: [Netlist 29-17] Analyzing 84 Unisim elements for replacement
INFO: [Netlist 29-28] Unisim Transformation completed in 0 CPU seconds
INFO: [Device 21-403] Loading part xc7z020clg400-3
INFO: [Project 1-570] Preparing netlist for logic optimization

Processing XDC Constraints
Initializing timing engine
Parsing XDC File [z:/Projects/piSmasher/piSmasher-testing/hdmi-1080p/hdmi-1080p.srcs/sources_1/bd/base/ip/base_gmii_to_rgmii_1_0/synth/base_gmii_to_rgmii_1_0_ooc.xdc] for cell 'U0'
Finished Parsing XDC File [z:/Projects/piSmasher/piSmasher-testing/hdmi-1080p/hdmi-1080p.srcs/sources_1/bd/base/ip/base_gmii_to_rgmii_1_0/synth/base_gmii_to_rgmii_1_0_ooc.xdc] for cell 'U0'
Parsing XDC File [z:/Projects/piSmasher/piSmasher-testing/hdmi-1080p/hdmi-1080p.srcs/sources_1/bd/base/ip/base_gmii_to_rgmii_1_0/synth/base_gmii_to_rgmii_1_0.xdc] for cell 'U0'
Finished Parsing XDC File [z:/Projects/piSmasher/piSmasher-testing/hdmi-1080p/hdmi-1080p.srcs/sources_1/bd/base/ip/base_gmii_to_rgmii_1_0/synth/base_gmii_to_rgmii_1_0.xdc] for cell 'U0'
INFO: [Project 1-236] Implementation specific constraints were found while reading constraint file [z:/Projects/piSmasher/piSmasher-testing/hdmi-1080p/hdmi-1080p.srcs/sources_1/bd/base/ip/base_gmii_to_rgmii_1_0/synth/base_gmii_to_rgmii_1_0.xdc]. These constraints will be ignored for synthesis but will be used in implementation. Impacted constraints are listed in the file [.Xil/base_gmii_to_rgmii_1_0_propImpl.xdc].
Resolution: To avoid this warning, move constraints listed in [.Xil/base_gmii_to_rgmii_1_0_propImpl.xdc] to another XDC file and exclude this new file from synthesis with the used_in_synthesis property (File Properties dialog in GUI) and re-run elaboration/synthesis.
Parsing XDC File [Z:/Projects/piSmasher/piSmasher-testing/hdmi-1080p/hdmi-1080p.runs/base_gmii_to_rgmii_1_0_synth_1/dont_touch.xdc]
Finished Parsing XDC File [Z:/Projects/piSmasher/piSmasher-testing/hdmi-1080p/hdmi-1080p.runs/base_gmii_to_rgmii_1_0_synth_1/dont_touch.xdc]
Parsing XDC File [z:/Projects/piSmasher/piSmasher-testing/hdmi-1080p/hdmi-1080p.srcs/sources_1/bd/base/ip/base_gmii_to_rgmii_1_0/synth/base_gmii_to_rgmii_1_0_clocks.xdc] for cell 'U0'
INFO: [Constraints 18-483] create_clock: no pin(s)/port(s)/net(s) specified as objects, only virtual clock 'base_gmii_to_rgmii_1_0_rgmii_rx_clk' will be created. If you don't want this, please specify pin(s)/ports(s)/net(s) as objects to the command. [z:/Projects/piSmasher/piSmasher-testing/hdmi-1080p/hdmi-1080p.srcs/sources_1/bd/base/ip/base_gmii_to_rgmii_1_0/synth/base_gmii_to_rgmii_1_0_clocks.xdc:7]
WARNING: [Designutils 20-1567] Use of 'set_false_path' with '-hold' is not supported by synthesis. The constraint will not be passed to synthesis. [z:/Projects/piSmasher/piSmasher-testing/hdmi-1080p/hdmi-1080p.srcs/sources_1/bd/base/ip/base_gmii_to_rgmii_1_0/synth/base_gmii_to_rgmii_1_0_clocks.xdc:20]
WARNING: [Designutils 20-1567] Use of 'set_false_path' with '-hold' is not supported by synthesis. The constraint will not be passed to synthesis. [z:/Projects/piSmasher/piSmasher-testing/hdmi-1080p/hdmi-1080p.srcs/sources_1/bd/base/ip/base_gmii_to_rgmii_1_0/synth/base_gmii_to_rgmii_1_0_clocks.xdc:21]
WARNING: [Designutils 20-1567] Use of 'set_multicycle_path' with '-hold' is not supported by synthesis. The constraint will not be passed to synthesis. [z:/Projects/piSmasher/piSmasher-testing/hdmi-1080p/hdmi-1080p.srcs/sources_1/bd/base/ip/base_gmii_to_rgmii_1_0/synth/base_gmii_to_rgmii_1_0_clocks.xdc:24]
WARNING: [Designutils 20-1567] Use of 'set_false_path' with '-hold' is not supported by synthesis. The constraint will not be passed to synthesis. [z:/Projects/piSmasher/piSmasher-testing/hdmi-1080p/hdmi-1080p.srcs/sources_1/bd/base/ip/base_gmii_to_rgmii_1_0/synth/base_gmii_to_rgmii_1_0_clocks.xdc:32]
WARNING: [Designutils 20-1567] Use of 'set_false_path' with '-hold' is not supported by synthesis. The constraint will not be passed to synthesis. [z:/Projects/piSmasher/piSmasher-testing/hdmi-1080p/hdmi-1080p.srcs/sources_1/bd/base/ip/base_gmii_to_rgmii_1_0/synth/base_gmii_to_rgmii_1_0_clocks.xdc:33]
Finished Parsing XDC File [z:/Projects/piSmasher/piSmasher-testing/hdmi-1080p/hdmi-1080p.srcs/sources_1/bd/base/ip/base_gmii_to_rgmii_1_0/synth/base_gmii_to_rgmii_1_0_clocks.xdc] for cell 'U0'
INFO: [Project 1-236] Implementation specific constraints were found while reading constraint file [z:/Projects/piSmasher/piSmasher-testing/hdmi-1080p/hdmi-1080p.srcs/sources_1/bd/base/ip/base_gmii_to_rgmii_1_0/synth/base_gmii_to_rgmii_1_0_clocks.xdc]. These constraints will be ignored for synthesis but will be used in implementation. Impacted constraints are listed in the file [.Xil/base_gmii_to_rgmii_1_0_propImpl.xdc].
Resolution: To avoid this warning, move constraints listed in [.Xil/base_gmii_to_rgmii_1_0_propImpl.xdc] to another XDC file and exclude this new file from synthesis with the used_in_synthesis property (File Properties dialog in GUI) and re-run elaboration/synthesis.
Completed Processing XDC Constraints

INFO: [Project 1-111] Unisim Transformation Summary:
  A total of 67 instances were transformed.
  BUFGMUX => BUFGCTRL (inverted pins: CE0): 2 instances
  FD => FDRE: 24 instances
  FDP => FDPE: 36 instances
  IODELAYE1 => IDELAYE2: 5 instances

Constraint Validation Runtime : Time (s): cpu = 00:00:00 ; elapsed = 00:00:00.091 . Memory (MB): peak = 794.727 ; gain = 0.000
---------------------------------------------------------------------------------
Finished Constraint Validation : Time (s): cpu = 00:00:21 ; elapsed = 00:00:30 . Memory (MB): peak = 794.727 ; gain = 516.465
---------------------------------------------------------------------------------
---------------------------------------------------------------------------------
Start Loading Part and Timing Information
---------------------------------------------------------------------------------
Loading part: xc7z020clg400-3
---------------------------------------------------------------------------------
Finished Loading Part and Timing Information : Time (s): cpu = 00:00:21 ; elapsed = 00:00:30 . Memory (MB): peak = 794.727 ; gain = 516.465
---------------------------------------------------------------------------------
---------------------------------------------------------------------------------
Start Applying 'set_property' XDC Constraints
---------------------------------------------------------------------------------
Applied set_property DONT_TOUCH = true for U0. (constraint file  Z:/Projects/piSmasher/piSmasher-testing/hdmi-1080p/hdmi-1080p.runs/base_gmii_to_rgmii_1_0_synth_1/dont_touch.xdc, line 9).
---------------------------------------------------------------------------------
Finished applying 'set_property' XDC Constraints : Time (s): cpu = 00:00:21 ; elapsed = 00:00:30 . Memory (MB): peak = 794.727 ; gain = 516.465
---------------------------------------------------------------------------------
INFO: [Synth 8-802] inferred FSM for state register 'STATE_reg' in module 'MDIO_INTERFACE'
INFO: [Synth 8-5544] ROM "BIT_COUNT_LOAD_VALUE" won't be mapped to Block RAM because address size (4) smaller than threshold (5)
INFO: [Synth 8-5544] ROM "BIT_COUNT_LOAD_EN" won't be mapped to Block RAM because address size (4) smaller than threshold (5)
INFO: [Synth 8-5544] ROM "WE" won't be mapped to Block RAM because address size (2) smaller than threshold (5)
INFO: [Synth 8-5544] ROM "RD" won't be mapped to Block RAM because address size (2) smaller than threshold (5)
INFO: [Synth 8-5544] ROM "ADDRESS_MATCH" won't be mapped to Block RAM because address size (4) smaller than threshold (5)
INFO: [Synth 8-5544] ROM "NEW_STATE" won't be mapped to Block RAM because address size (1) smaller than threshold (5)
INFO: [Synth 8-5544] ROM "NEW_STATE" won't be mapped to Block RAM because address size (4) smaller than threshold (5)
INFO: [Synth 8-5544] ROM "NEW_STATE" won't be mapped to Block RAM because address size (4) smaller than threshold (5)
INFO: [Synth 8-5544] ROM "NEW_STATE" won't be mapped to Block RAM because address size (4) smaller than threshold (5)
---------------------------------------------------------------------------------------------------
                   State |                     New Encoding |                Previous Encoding 
---------------------------------------------------------------------------------------------------
        idle_or_preamble |                      00000010000 |                             0000
          wait_for_start |                      00001000000 |                             0001
                opcode_1 |                      00000001000 |                             0010
                opcode_2 |                      00000000001 |                             0011
                ld_phyad |                      00000000010 |                             0100
                ld_regad |                      00000000100 |                             0101
                    ta_1 |                      10000000000 |                             0110
                    ta_2 |                      00010000000 |                             0111
                  data_1 |                      00100000000 |                             1000
                  data_2 |                      01000000000 |                             1001
                  data_3 |                      00000100000 |                             1010
---------------------------------------------------------------------------------------------------
INFO: [Synth 8-3354] encoded FSM with state register 'STATE_reg' using encoding 'one-hot' in module 'MDIO_INTERFACE'
---------------------------------------------------------------------------------
Finished RTL Optimization Phase 2 : Time (s): cpu = 00:00:22 ; elapsed = 00:00:31 . Memory (MB): peak = 794.727 ; gain = 516.465
---------------------------------------------------------------------------------

Report RTL Partitions: 
+-+--------------+------------+----------+
| |RTL Partition |Replication |Instances |
+-+--------------+------------+----------+
+-+--------------+------------+----------+
---------------------------------------------------------------------------------
Start RTL Component Statistics 
---------------------------------------------------------------------------------
Detailed RTL Component Info : 
+---Adders : 
	   2 Input      4 Bit       Adders := 1     
+---XORs : 
	   2 Input      1 Bit         XORs := 2     
+---Registers : 
	               16 Bit    Registers := 1     
	                8 Bit    Registers := 1     
	                5 Bit    Registers := 1     
	                4 Bit    Registers := 1     
	                2 Bit    Registers := 3     
	                1 Bit    Registers := 24    
+---Muxes : 
	   2 Input     16 Bit        Muxes := 2     
	  11 Input     11 Bit        Muxes := 1     
	   2 Input     11 Bit        Muxes := 5     
	   2 Input      4 Bit        Muxes := 2     
	   4 Input      4 Bit        Muxes := 1     
	   2 Input      3 Bit        Muxes := 1     
	   2 Input      1 Bit        Muxes := 6     
	   4 Input      1 Bit        Muxes := 1     
	   3 Input      1 Bit        Muxes := 2     
---------------------------------------------------------------------------------
Finished RTL Component Statistics 
---------------------------------------------------------------------------------
---------------------------------------------------------------------------------
Start RTL Hierarchical Component Statistics 
---------------------------------------------------------------------------------
Hierarchical RTL Component report 
Module MDIO_INTERFACE 
Detailed RTL Component Info : 
+---Adders : 
	   2 Input      4 Bit       Adders := 1     
+---Registers : 
	               16 Bit    Registers := 1     
	                5 Bit    Registers := 1     
	                4 Bit    Registers := 1     
	                2 Bit    Registers := 1     
	                1 Bit    Registers := 10    
+---Muxes : 
	   2 Input     16 Bit        Muxes := 1     
	  11 Input     11 Bit        Muxes := 1     
	   2 Input     11 Bit        Muxes := 5     
	   2 Input      4 Bit        Muxes := 1     
	   4 Input      4 Bit        Muxes := 1     
	   2 Input      3 Bit        Muxes := 1     
	   2 Input      1 Bit        Muxes := 5     
	   4 Input      1 Bit        Muxes := 1     
	   3 Input      1 Bit        Muxes := 2     
Module MANAGEMENT 
Detailed RTL Component Info : 
+---Registers : 
	                2 Bit    Registers := 1     
	                1 Bit    Registers := 6     
+---Muxes : 
	   2 Input     16 Bit        Muxes := 1     
Module gmii_to_rgmii_core 
Detailed RTL Component Info : 
+---XORs : 
	   2 Input      1 Bit         XORs := 2     
+---Registers : 
	                8 Bit    Registers := 1     
	                2 Bit    Registers := 1     
	                1 Bit    Registers := 6     
+---Muxes : 
	   2 Input      4 Bit        Muxes := 1     
Module gmii_to_rgmii_gen 
Detailed RTL Component Info : 
+---Registers : 
	                1 Bit    Registers := 2     
+---Muxes : 
	   2 Input      1 Bit        Muxes := 1     
---------------------------------------------------------------------------------
Finished RTL Hierarchical Component Statistics
---------------------------------------------------------------------------------
---------------------------------------------------------------------------------
Start Part Resource Summary
---------------------------------------------------------------------------------
Part Resources:
DSPs: 220 (col length:60)
BRAMs: 280 (col length: RAMB18 60 RAMB36 30)
---------------------------------------------------------------------------------
Finished Part Resource Summary
---------------------------------------------------------------------------------
---------------------------------------------------------------------------------
Start Cross Boundary and Area Optimization
---------------------------------------------------------------------------------
Warning: Parallel synthesis criteria is not met 
INFO: [Synth 8-5544] ROM "i_gmii_to_rgmii/i_MANAGEMENT/MDIO_INTERFACE_1/NEW_STATE" won't be mapped to Block RAM because address size (4) smaller than threshold (5)
INFO: [Synth 8-5544] ROM "i_gmii_to_rgmii/i_MANAGEMENT/MDIO_INTERFACE_1/NEW_STATE" won't be mapped to Block RAM because address size (4) smaller than threshold (5)
INFO: [Synth 8-5544] ROM "i_gmii_to_rgmii/i_MANAGEMENT/MDIO_INTERFACE_1/NEW_STATE" won't be mapped to Block RAM because address size (4) smaller than threshold (5)
WARNING: [Synth 8-3332] Sequential element (i_gmii_to_rgmii/i_gmii_to_rgmii/i_reset_sync_tx_90_reset/reset_sync1) is unused and will be removed from module gmii_to_rgmii_v4_0_6.
WARNING: [Synth 8-3332] Sequential element (i_gmii_to_rgmii/i_gmii_to_rgmii/i_reset_sync_tx_90_reset/reset_sync2) is unused and will be removed from module gmii_to_rgmii_v4_0_6.
WARNING: [Synth 8-3332] Sequential element (i_gmii_to_rgmii/i_gmii_to_rgmii/i_reset_sync_tx_90_reset/reset_sync3) is unused and will be removed from module gmii_to_rgmii_v4_0_6.
WARNING: [Synth 8-3332] Sequential element (i_gmii_to_rgmii/i_gmii_to_rgmii/i_reset_sync_tx_90_reset/reset_sync4) is unused and will be removed from module gmii_to_rgmii_v4_0_6.
WARNING: [Synth 8-3332] Sequential element (i_gmii_to_rgmii/i_gmii_to_rgmii/i_reset_sync_tx_90_reset/reset_sync5) is unused and will be removed from module gmii_to_rgmii_v4_0_6.
WARNING: [Synth 8-3332] Sequential element (i_gmii_to_rgmii/i_gmii_to_rgmii/i_reset_sync_tx_90_reset/reset_sync6) is unused and will be removed from module gmii_to_rgmii_v4_0_6.
---------------------------------------------------------------------------------
Finished Cross Boundary and Area Optimization : Time (s): cpu = 00:00:23 ; elapsed = 00:00:33 . Memory (MB): peak = 794.727 ; gain = 516.465
---------------------------------------------------------------------------------

Report RTL Partitions: 
+-+--------------+------------+----------+
| |RTL Partition |Replication |Instances |
+-+--------------+------------+----------+
+-+--------------+------------+----------+
---------------------------------------------------------------------------------
Start Applying XDC Timing Constraints
---------------------------------------------------------------------------------
---------------------------------------------------------------------------------
Finished Applying XDC Timing Constraints : Time (s): cpu = 00:00:37 ; elapsed = 00:00:50 . Memory (MB): peak = 794.727 ; gain = 516.465
---------------------------------------------------------------------------------
---------------------------------------------------------------------------------
Start Timing Optimization
---------------------------------------------------------------------------------
---------------------------------------------------------------------------------
Finished Timing Optimization : Time (s): cpu = 00:00:38 ; elapsed = 00:00:51 . Memory (MB): peak = 806.148 ; gain = 527.887
---------------------------------------------------------------------------------

Report RTL Partitions: 
+-+--------------+------------+----------+
| |RTL Partition |Replication |Instances |
+-+--------------+------------+----------+
+-+--------------+------------+----------+
---------------------------------------------------------------------------------
Start Technology Mapping
---------------------------------------------------------------------------------
---------------------------------------------------------------------------------
Finished Technology Mapping : Time (s): cpu = 00:00:38 ; elapsed = 00:00:51 . Memory (MB): peak = 806.918 ; gain = 528.656
---------------------------------------------------------------------------------

Report RTL Partitions: 
+-+--------------+------------+----------+
| |RTL Partition |Replication |Instances |
+-+--------------+------------+----------+
+-+--------------+------------+----------+
---------------------------------------------------------------------------------
Start IO Insertion
---------------------------------------------------------------------------------
---------------------------------------------------------------------------------
Start Flattening Before IO Insertion
---------------------------------------------------------------------------------
---------------------------------------------------------------------------------
Finished Flattening Before IO Insertion
---------------------------------------------------------------------------------
---------------------------------------------------------------------------------
Start Final Netlist Cleanup
---------------------------------------------------------------------------------
---------------------------------------------------------------------------------
Finished Final Netlist Cleanup
---------------------------------------------------------------------------------
---------------------------------------------------------------------------------
Finished IO Insertion : Time (s): cpu = 00:00:40 ; elapsed = 00:00:53 . Memory (MB): peak = 806.918 ; gain = 528.656
---------------------------------------------------------------------------------

Report Check Netlist: 
+------+------------------+-------+---------+-------+------------------+
|      |Item              |Errors |Warnings |Status |Description       |
+------+------------------+-------+---------+-------+------------------+
|1     |multi_driven_nets |      0|        0|Passed |Multi driven nets |
+------+------------------+-------+---------+-------+------------------+
---------------------------------------------------------------------------------
Start Renaming Generated Instances
---------------------------------------------------------------------------------
---------------------------------------------------------------------------------
Finished Renaming Generated Instances : Time (s): cpu = 00:00:40 ; elapsed = 00:00:53 . Memory (MB): peak = 806.918 ; gain = 528.656
---------------------------------------------------------------------------------

Report RTL Partitions: 
+-+--------------+------------+----------+
| |RTL Partition |Replication |Instances |
+-+--------------+------------+----------+
+-+--------------+------------+----------+
---------------------------------------------------------------------------------
Start Rebuilding User Hierarchy
---------------------------------------------------------------------------------
---------------------------------------------------------------------------------
Finished Rebuilding User Hierarchy : Time (s): cpu = 00:00:40 ; elapsed = 00:00:53 . Memory (MB): peak = 806.918 ; gain = 528.656
---------------------------------------------------------------------------------
---------------------------------------------------------------------------------
Start Renaming Generated Ports
---------------------------------------------------------------------------------
---------------------------------------------------------------------------------
Finished Renaming Generated Ports : Time (s): cpu = 00:00:40 ; elapsed = 00:00:53 . Memory (MB): peak = 806.918 ; gain = 528.656
---------------------------------------------------------------------------------
---------------------------------------------------------------------------------
Start Handling Custom Attributes
---------------------------------------------------------------------------------
---------------------------------------------------------------------------------
Finished Handling Custom Attributes : Time (s): cpu = 00:00:40 ; elapsed = 00:00:53 . Memory (MB): peak = 806.918 ; gain = 528.656
---------------------------------------------------------------------------------
---------------------------------------------------------------------------------
Start Renaming Generated Nets
---------------------------------------------------------------------------------
---------------------------------------------------------------------------------
Finished Renaming Generated Nets : Time (s): cpu = 00:00:40 ; elapsed = 00:00:53 . Memory (MB): peak = 806.918 ; gain = 528.656
---------------------------------------------------------------------------------
---------------------------------------------------------------------------------
Start ROM, RAM, DSP and Shift Register Reporting
---------------------------------------------------------------------------------

Static Shift Register Report:
+---------------------+-----------------------------------------------------------------+--------+-------+--------------+--------------------+-------------------+--------+---------+
|Module Name          | RTL Name                                                        | Length | Width | Reset Signal | Pull out first Reg | Pull out last Reg | SRL16E | SRLC32E | 
+---------------------+-----------------------------------------------------------------+--------+-------+--------------+--------------------+-------------------+--------+---------+
|gmii_to_rgmii_v4_0_6 | i_gmii_to_rgmii/i_MANAGEMENT/MDIO_INTERFACE_1/SHIFT_REG_reg[12] | 4      | 1     | YES          | NO                 | YES               | 1      | 0       | 
+---------------------+-----------------------------------------------------------------+--------+-------+--------------+--------------------+-------------------+--------+---------+

---------------------------------------------------------------------------------
Finished ROM, RAM, DSP and Shift Register Reporting
---------------------------------------------------------------------------------
---------------------------------------------------------------------------------
Start Writing Synthesis Report
---------------------------------------------------------------------------------

Report BlackBoxes: 
+-+--------------+----------+
| |BlackBox name |Instances |
+-+--------------+----------+
+-+--------------+----------+

Report Cell Usage: 
+------+----------+------+
|      |Cell      |Count |
+------+----------+------+
|1     |BUFG      |     1|
|2     |BUFGMUX   |     2|
|3     |BUFIO     |     1|
|4     |IDDR      |     5|
|5     |IODELAYE1 |     5|
|6     |LUT2      |    12|
|7     |LUT3      |    12|
|8     |LUT4      |     5|
|9     |LUT5      |    12|
|10    |LUT6      |    14|
|11    |ODDR      |     6|
|12    |SRL16E    |     1|
|13    |FD        |    24|
|14    |FDP       |    30|
|15    |FDRE      |    68|
|16    |FDSE      |     6|
|17    |IBUF      |     6|
|18    |OBUF      |     6|
+------+----------+------+

Report Instance Areas: 
+------+--------------------------------+-----------------------------+------+
|      |Instance                        |Module                       |Cells |
+------+--------------------------------+-----------------------------+------+
|1     |top                             |                             |   216|
|2     |  U0                            |base_gmii_to_rgmii_1_0_block |   216|
|3     |    base_gmii_to_rgmii_1_0_core |gmii_to_rgmii_v4_0_6         |   201|
|4     |      i_gmii_to_rgmii           |gmii_to_rgmii_gen            |   201|
|5     |        i_MANAGEMENT            |MANAGEMENT                   |   112|
|6     |          MDIO_INTERFACE_1      |MDIO_INTERFACE               |    87|
|7     |          SYNC_MDC              |sync_block                   |     7|
|8     |          SYNC_MDIO_IN          |sync_block_5                 |     6|
|9     |        i_gmii_to_rgmii         |gmii_to_rgmii_core           |    67|
|10    |          i_reset_sync_rx_reset |reset_sync_2                 |     6|
|11    |          i_reset_sync_tx_reset |reset_sync_3                 |     6|
|12    |          i_sync_rx_dv          |sync_block__parameterized1   |     6|
|13    |          i_sync_rx_er          |sync_block__parameterized1_4 |     8|
|14    |        i_reset_sync_mgmt_reset |reset_sync                   |     6|
|15    |        i_reset_sync_rx_reset   |reset_sync_0                 |     7|
|16    |        i_reset_sync_tx_reset   |reset_sync_1                 |     7|
+------+--------------------------------+-----------------------------+------+
---------------------------------------------------------------------------------
Finished Writing Synthesis Report : Time (s): cpu = 00:00:40 ; elapsed = 00:00:53 . Memory (MB): peak = 806.918 ; gain = 528.656
---------------------------------------------------------------------------------
Synthesis finished with 0 errors, 0 critical warnings and 6 warnings.
Synthesis Optimization Runtime : Time (s): cpu = 00:00:22 ; elapsed = 00:00:37 . Memory (MB): peak = 806.918 ; gain = 167.973
Synthesis Optimization Complete : Time (s): cpu = 00:00:40 ; elapsed = 00:00:53 . Memory (MB): peak = 806.918 ; gain = 528.656
INFO: [Project 1-571] Translating synthesized netlist
INFO: [Netlist 29-17] Analyzing 78 Unisim elements for replacement
INFO: [Netlist 29-28] Unisim Transformation completed in 0 CPU seconds
INFO: [Project 1-570] Preparing netlist for logic optimization
INFO: [Opt 31-138] Pushed 0 inverter(s) to 0 load pin(s).
INFO: [Project 1-111] Unisim Transformation Summary:
  A total of 61 instances were transformed.
  BUFGMUX => BUFGCTRL (inverted pins: CE0): 2 instances
  FD => FDRE: 24 instances
  FDP => FDPE: 30 instances
  IODELAYE1 => IDELAYE2: 5 instances

INFO: [Common 17-83] Releasing license: Synthesis
50 Infos, 13 Warnings, 0 Critical Warnings and 0 Errors encountered.
synth_design completed successfully
synth_design: Time (s): cpu = 00:00:43 ; elapsed = 00:00:58 . Memory (MB): peak = 813.230 ; gain = 541.590
WARNING: [Constraints 18-5210] No constraint will be written out.
INFO: [Common 17-1381] The checkpoint 'Z:/Projects/piSmasher/piSmasher-testing/hdmi-1080p/hdmi-1080p.runs/base_gmii_to_rgmii_1_0_synth_1/base_gmii_to_rgmii_1_0.dcp' has been generated.
